0 info it worked if it ends with ok
1 verbose cli [ '/Users/bernardmordan/.nvm/versions/node/v6.9.4/bin/node',
1 verbose cli   '/Users/bernardmordan/.nvm/versions/node/v6.9.4/bin/npm',
1 verbose cli   'start' ]
2 info using npm@3.10.10
3 info using node@v6.9.4
4 verbose run-script [ 'prestart', 'start', 'poststart' ]
5 info lifecycle adventure-pre-release@0.0.0~prestart: adventure-pre-release@0.0.0
6 silly lifecycle adventure-pre-release@0.0.0~prestart: no script for prestart, continuing
7 info lifecycle adventure-pre-release@0.0.0~start: adventure-pre-release@0.0.0
8 verbose lifecycle adventure-pre-release@0.0.0~start: unsafe-perm in lifecycle true
9 verbose lifecycle adventure-pre-release@0.0.0~start: PATH: /Users/bernardmordan/.nvm/versions/node/v6.9.4/lib/node_modules/npm/bin/node-gyp-bin:/Users/bernardmordan/Code/adventure/pre-release/node_modules/.bin:/Users/bernardmordan/.nvm/versions/node/v6.9.4/bin:/usr/local/Cellar/php56/5.6.30_6/bin:/Users/bernie/.rvm/gems/ruby-2.0.0-p353/bin:/Users/bernie/.rvm/gems/ruby-2.0.0-p353@global/bin:/Users/bernie/.rvm/rubies/ruby-2.0.0-p353/bin:/usr/bin:/bin:/usr/sbin:/sbin:/usr/local/bin:/Users/bernie/Documents/Sites/NodeBot/mongodb/bin/mongo:/opt/X11/bin:/usr/local/MacGPG2/bin:/Users/bernie/.rvm/bin:/usr/local/sbin:/Applications/Postgres.app/Contents/Versions/latest/bin:/usr/local/go/bin:/Users/bernardmordan/go/bin:/Users/bernardmordan/Library/Android/sdk/tools:/Users/bernardmordan/Library/Android/sdk/platform-tools
10 verbose lifecycle adventure-pre-release@0.0.0~start: CWD: /Users/bernardmordan/Code/adventure/pre-release
11 silly lifecycle adventure-pre-release@0.0.0~start: Args: [ '-c', 'micro' ]
12 silly lifecycle adventure-pre-release@0.0.0~start: Returned: code: 1  signal: null
13 info lifecycle adventure-pre-release@0.0.0~start: Failed to exec start script
14 verbose stack Error: adventure-pre-release@0.0.0 start: `micro`
14 verbose stack Exit status 1
14 verbose stack     at EventEmitter.<anonymous> (/Users/bernardmordan/.nvm/versions/node/v6.9.4/lib/node_modules/npm/lib/utils/lifecycle.js:255:16)
14 verbose stack     at emitTwo (events.js:106:13)
14 verbose stack     at EventEmitter.emit (events.js:191:7)
14 verbose stack     at ChildProcess.<anonymous> (/Users/bernardmordan/.nvm/versions/node/v6.9.4/lib/node_modules/npm/lib/utils/spawn.js:40:14)
14 verbose stack     at emitTwo (events.js:106:13)
14 verbose stack     at ChildProcess.emit (events.js:191:7)
14 verbose stack     at maybeClose (internal/child_process.js:877:16)
14 verbose stack     at Process.ChildProcess._handle.onexit (internal/child_process.js:226:5)
15 verbose pkgid adventure-pre-release@0.0.0
16 verbose cwd /Users/bernardmordan/Code/adventure/pre-release
17 error Darwin 16.6.0
18 error argv "/Users/bernardmordan/.nvm/versions/node/v6.9.4/bin/node" "/Users/bernardmordan/.nvm/versions/node/v6.9.4/bin/npm" "start"
19 error node v6.9.4
20 error npm  v3.10.10
21 error code ELIFECYCLE
22 error adventure-pre-release@0.0.0 start: `micro`
22 error Exit status 1
23 error Failed at the adventure-pre-release@0.0.0 start script 'micro'.
23 error Make sure you have the latest version of node.js and npm installed.
23 error If you do, this is most likely a problem with the adventure-pre-release package,
23 error not with npm itself.
23 error Tell the author that this fails on your system:
23 error     micro
23 error You can get information on how to open an issue for this project with:
23 error     npm bugs adventure-pre-release
23 error Or if that isn't available, you can get their info via:
23 error     npm owner ls adventure-pre-release
23 error There is likely additional logging output above.
24 verbose exit [ 1, true ]
